# JRE version: Java(TM) SE Runtime Environment (8.0_65-b17) (build 1.8.0_65-b17)
# Java VM: Java HotSpot(TM) Client VM (25.65-b01 mixed mode windows-x86 )
Heap:
 def new generation   total 6080K, used 6080K [0x05800000, 0x05e90000, 0x0ad50000)
  eden space 5440K, 100% used [0x05800000, 0x05d50000, 0x05d50000)
  from space 640K, 100% used [0x05d50000, 0x05df0000, 0x05df0000)
  to   space 640K,   0% used [0x05df0000, 0x05df0000, 0x05e90000)
 tenured generation   total 13384K, used 9084K [0x0ad50000, 0x0ba62000, 0x15800000)
   the space 13384K,  67% used [0x0ad50000, 0x0b62f2b0, 0x0b62f400, 0x0ba62000)
 Metaspace       used 13969K, capacity 14711K, committed 14720K, reserved 14720K
GC Heap History (10 events):
Event: 5.082 GC heap before
{Heap before GC invocations=35 (full 1):
 def new generation   total 6080K, used 5913K [0x05800000, 0x05e90000, 0x0ad50000)
  eden space 5440K, 100% used [0x05800000, 0x05d50000, 0x05d50000)
  from space 640K,  74% used [0x05df0000, 0x05e667a0, 0x05e90000)
  to   space 640K,   0% used [0x05d50000, 0x05d50000, 0x05df0000)
 tenured generation   total 13384K, used 8374K [0x0ad50000, 0x0ba62000, 0x15800000)
   the space 13384K,  62% used [0x0ad50000, 0x0b57d9d0, 0x0b57da00, 0x0ba62000)
 Metaspace       used 12905K, capacity 13569K, committed 13696K, reserved 13696K
Event: 5.084 GC heap after
Heap after GC invocations=36 (full 1):
 def new generation   total 6080K, used 399K [0x05800000, 0x05e90000, 0x0ad50000)
  eden space 5440K,   0% used [0x05800000, 0x05800000, 0x05d50000)
  from space 640K,  62% used [0x05d50000, 0x05db3f88, 0x05df0000)
  to   space 640K,   0% used [0x05df0000, 0x05df0000, 0x05e90000)
 tenured generation   total 13384K, used 8463K [0x0ad50000, 0x0ba62000, 0x15800000)
   the space 13384K,  63% used [0x0ad50000, 0x0b593f78, 0x0b594000, 0x0ba62000)
 Metaspace       used 12905K, capacity 13569K, committed 13696K, reserved 13696K
}
Event: 5.193 GC heap before
{Heap before GC invocations=36 (full 1):
 def new generation   total 6080K, used 5839K [0x05800000, 0x05e90000, 0x0ad50000)
  eden space 5440K, 100% used [0x05800000, 0x05d50000, 0x05d50000)
  from space 640K,  62% used [0x05d50000, 0x05db3f88, 0x05df0000)
  to   space 640K,   0% used [0x05df0000, 0x05df0000, 0x05e90000)
 tenured generation   total 13384K, used 8463K [0x0ad50000, 0x0ba62000, 0x15800000)
   the space 13384K,  63% used [0x0ad50000, 0x0b593f78, 0x0b594000, 0x0ba62000)
 Metaspace       used 13110K, capacity 13804K, committed 13824K, reserved 14720K
Event: 5.196 GC heap after
Heap after GC invocations=37 (full 1):
 def new generation   total 6080K, used 420K [0x05800000, 0x05e90000, 0x0ad50000)
  eden space 5440K,   0% used [0x05800000, 0x05800000, 0x05d50000)
  from space 640K,  65% used [0x05df0000, 0x05e59160, 0x05e90000)
  to   space 640K,   0% used [0x05d50000, 0x05d50000, 0x05df0000)
 tenured generation   total 13384K, used 8650K [0x0ad50000, 0x0ba62000, 0x15800000)
   the space 13384K,  64% used [0x0ad50000, 0x0b5c2b18, 0x0b5c2c00, 0x0ba62000)
 Metaspace       used 13110K, capacity 13804K, committed 13824K, reserved 14720K
}
Event: 5.328 GC heap before
{Heap before GC invocations=37 (full 1):
 def new generation   total 6080K, used 5860K [0x05800000, 0x05e90000, 0x0ad50000)
  eden space 5440K, 100% used [0x05800000, 0x05d50000, 0x05d50000)
  from space 640K,  65% used [0x05df0000, 0x05e59160, 0x05e90000)
  to   space 640K,   0% used [0x05d50000, 0x05d50000, 0x05df0000)
 tenured generation   total 13384K, used 8650K [0x0ad50000, 0x0ba62000, 0x15800000)
   the space 13384K,  64% used [0x0ad50000, 0x0b5c2b18, 0x0b5c2c00, 0x0ba62000)
 Metaspace       used 13430K, capacity 14146K, committed 14208K, reserved 14720K
Event: 5.333 GC heap after
Heap after GC invocations=38 (full 1):
 def new generation   total 6080K, used 435K [0x05800000, 0x05e90000, 0x0ad50000)
  eden space 5440K,   0% used [0x05800000, 0x05800000, 0x05d50000)
  from space 640K,  68% used [0x05d50000, 0x05dbcf60, 0x05df0000)
  to   space 640K,   0% used [0x05df0000, 0x05df0000, 0x05e90000)
 tenured generation   total 13384K, used 8822K [0x0ad50000, 0x0ba62000, 0x15800000)
   the space 13384K,  65% used [0x0ad50000, 0x0b5ed8e0, 0x0b5eda00, 0x0ba62000)
 Metaspace       used 13430K, capacity 14146K, committed 14208K, reserved 14720K
}
Event: 5.428 GC heap before
{Heap before GC invocations=38 (full 1):
 def new generation   total 6080K, used 5875K [0x05800000, 0x05e90000, 0x0ad50000)
  eden space 5440K, 100% used [0x05800000, 0x05d50000, 0x05d50000)
  from space 640K,  68% used [0x05d50000, 0x05dbcf60, 0x05df0000)
  to   space 640K,   0% used [0x05df0000, 0x05df0000, 0x05e90000)
 tenured generation   total 13384K, used 8822K [0x0ad50000, 0x0ba62000, 0x15800000)
   the space 13384K,  65% used [0x0ad50000, 0x0b5ed8e0, 0x0b5eda00, 0x0ba62000)
 Metaspace       used 13740K, capacity 14459K, committed 14464K, reserved 14720K
Event: 5.431 GC heap after
Heap after GC invocations=39 (full 1):
 def new generation   total 6080K, used 527K [0x05800000, 0x05e90000, 0x0ad50000)
  eden space 5440K,   0% used [0x05800000, 0x05800000, 0x05d50000)
  from space 640K,  82% used [0x05df0000, 0x05e73e48, 0x05e90000)
  to   space 640K,   0% used [0x05d50000, 0x05d50000, 0x05df0000)
 tenured generation   total 13384K, used 8927K [0x0ad50000, 0x0ba62000, 0x15800000)
   the space 13384K,  66% used [0x0ad50000, 0x0b607ca8, 0x0b607e00, 0x0ba62000)
 Metaspace       used 13740K, capacity 14459K, committed 14464K, reserved 14720K
}
Event: 5.515 GC heap before
{Heap before GC invocations=39 (full 1):
 def new generation   total 6080K, used 5967K [0x05800000, 0x05e90000, 0x0ad50000)
  eden space 5440K, 100% used [0x05800000, 0x05d50000, 0x05d50000)
  from space 640K,  82% used [0x05df0000, 0x05e73e48, 0x05e90000)
  to   space 640K,   0% used [0x05d50000, 0x05d50000, 0x05df0000)
 tenured generation   total 13384K, used 8927K [0x0ad50000, 0x0ba62000, 0x15800000)
   the space 13384K,  66% used [0x0ad50000, 0x0b607ca8, 0x0b607e00, 0x0ba62000)
 Metaspace       used 13828K, capacity 14533K, committed 14592K, reserved 14720K
Event: 5.518 GC heap after
Heap after GC invocations=40 (full 1):
 def new generation   total 6080K, used 640K [0x05800000, 0x05e90000, 0x0ad50000)
  eden space 5440K,   0% used [0x05800000, 0x05800000, 0x05d50000)
  from space 640K, 100% used [0x05d50000, 0x05df0000, 0x05df0000)
  to   space 640K,   0% used [0x05df0000, 0x05df0000, 0x05e90000)
 tenured generation   total 13384K, used 9084K [0x0ad50000, 0x0ba62000, 0x15800000)
   the space 13384K,  67% used [0x0ad50000, 0x0b62f2b0, 0x0b62f400, 0x0ba62000)
 Metaspace       used 13828K, capacity 14533K, committed 14592K, reserved 14720K
}

